<?xml version="1.0" encoding="UTF-8"?>
<beans xmlns:xsi="http://www.w3.org/2001/XMLSchema-instance"
       xmlns:aop="http://www.springframework.org/schema/aop"
       xmlns:tx="http://www.springframework.org/schema/tx"
       xmlns="http://www.springframework.org/schema/beans"
       xsi:schemaLocation="http://www.springframework.org/schema/beans
       http://www.springframework.org/schema/beans/spring-beans-3.0.xsd
       http://www.springframework.org/schema/aop
       http://www.springframework.org/schema/aop/spring-aop-3.0.xsd
        http://www.springframework.org/schema/tx http://www.springframework.org/schema/tx/spring-tx-2.5.xsd">
    <bean id="userDao" class="springbook.dao.UserDaoJdbc">
        <property name="dataSource" ref="dataSource"/>
    </bean>
    <bean class="org.springframework.aop.framework.autoproxy.DefaultAdvisorAutoProxyCreator"/>
    <bean id="userService" class="springbook.service.UserServiceImpl">
        <property name="userDao" ref="userDao"/>
        <property name="userLevelUpgradePolicy" ref="userLevelUpgradePolicy"/>
        <property name="mailSender" ref="mailSender"/>
    </bean>
    <tx:advice id="transactionAdvice" transaction-manager="transactionManager">
        <tx:attributes>
            <tx:method name="get*" propagation="REQUIRED" read-only="true" timeout="30"/>
            <tx:method name="upgrade*" propagation="REQUIRES_NEW" isolation="SERIALIZABLE"/>
            <tx:method name="*" propagation="REQUIRED"/>
        </tx:attributes>
    </tx:advice>
    <aop:config>
        <aop:advisor advice-ref="transactionAdvice" pointcut="bean(*Service)"/>
    </aop:config>
    <bean id="mailSender" class="springbook.service.DummyMailSender"/>
    <bean id="transactionManager" class="org.springframework.jdbc.datasource.DataSourceTransactionManager">
        <property name="dataSource" ref="dataSource"/>
    </bean>
    <bean id="userLevelUpgradePolicy" class="springbook.service.NormalUserLevelUpgradePolicy"/>
    <bean id="dataSource" class="org.springframework.jdbc.datasource.SimpleDriverDataSource">
        <property name="driverClass" value="com.mysql.cj.jdbc.Driver"/>
        <property name="url" value="jdbc:mysql://localhost:13306/testdb"/>
        <property name="username" value="root"/>
        <property name="password" value="root"/>
    </bean>
    <bean id="message" class="springbook.factory.MessageFactoryBean">
        <property name="text" value="Factory Bean"/>
    </bean>
    <bean id="testUserService" class="springbook.service.UserServiceTest$TestUserServiceImpl" parent="userService"/>
</beans>
