<?xml version="1.0" encoding="UTF-8"?>
<beans xmlns:xsi="http://www.w3.org/2001/XMLSchema-instance"
       xmlns="http://www.springframework.org/schema/beans"
       xsi:schemaLocation="http://www.springframework.org/schema/beans
       http://www.springframework.org/schema/beans/spring-beans-3.0.xsd">
    <bean id="userDaoJdbc" class="springbook.dao.UserDaoJdbc">
        <property name="dataSource" ref="dataSource"/>
    </bean>
    <bean id="userService" class="springbook.factory.TxFactoryBean">
        <property name="pattern" value="upgradeLevels"/>
        <property name="target" ref="userServiceImpl"/>
        <property name="serviceInterface" value="springbook.service.UserService"/>
        <property name="transactionManager" ref="transactionManager"/>
    </bean>
    <bean id="userServiceImpl" class="springbook.service.UserServiceImpl">
        <property name="userDao" ref="userDaoJdbc"/>
        <property name="userLevelUpgradePolicy" ref="userLevelUpgradePolicy"/>
        <property name="mailSender" ref="mailSender"/>
    </bean>
    <bean id="mailSender" class="springbook.service.DummyMailSender"/>
    <bean id="transactionManager" class="org.springframework.jdbc.datasource.DataSourceTransactionManager">
        <property name="dataSource" ref="dataSource"/>
    </bean>
    <bean id="userLevelUpgradePolicy" class="springbook.service.NormalUserLevelUpgradePolicy"/>
    <bean id="dataSource" class="org.springframework.jdbc.datasource.SimpleDriverDataSource">
        <property name="driverClass" value="com.mysql.cj.jdbc.Driver"/>
        <property name="url" value="jdbc:mysql://localhost:13306/testdb"/>
        <property name="username" value="root"/>
        <property name="password" value="root"/>
    </bean>
    <bean id="message" class="springbook.factory.MessageFactoryBean">
        <property name="text" value="Factory Bean"/>
    </bean>
</beans>
