<?xml version="1.0" encoding="UTF-8"?>
<beans xmlns:xsi="http://www.w3.org/2001/XMLSchema-instance"
       xmlns="http://www.springframework.org/schema/beans"
       xsi:schemaLocation="http://www.springframework.org/schema/beans
       http://www.springframework.org/schema/beans/spring-beans-3.0.xsd">
    <bean id="userDaoJdbc" class="springbook.dao.UserDaoJdbc">
        <property name="dataSource" ref="dataSource"/>
    </bean>
    <bean id="userService" class="springbook.service.UserService">
        <property name="userDao" ref="userDaoJdbc"/>
        <property name="userLevelUpgradePolicy" ref="userLevelUpgradePolicy"/>
        <property name="dataSource" ref="dataSource"/>
    </bean>
    <bean id="userLevelUpgradePolicy" class="springbook.service.NormalUserLevelUpgradePolicy"/>
    <bean id="dataSource" class="org.springframework.jdbc.datasource.SimpleDriverDataSource">
        <property name="driverClass" value="com.mysql.cj.jdbc.Driver"/>
        <property name="url" value="jdbc:mysql://localhost:13306/testdb"/>
        <property name="username" value="root"/>
        <property name="password" value="root"/>
    </bean>
</beans>
